\BOOKMARK [2][-]{subsection.0.1}{\376\377\000S\000c\000o\000r\000e\000\040\000\050\0001\040\023\0001\0000\0000\000\051}{}% 1
\BOOKMARK [2][-]{subsection.0.2}{\376\377\000W\000h\000y\000\040\000G\000o\000o\000d\000\040\000/\000\040\000W\000h\000y\000\040\000B\000a\000d}{}% 2
\BOOKMARK [3][-]{subsubsection.0.2.1}{\376\377\000W\000h\000y\000\040\000G\000o\000o\000d}{subsection.0.2}% 3
\BOOKMARK [3][-]{subsubsection.0.2.2}{\376\377\000W\000h\000y\000\040\000B\000a\000d}{subsection.0.2}% 4
\BOOKMARK [2][-]{subsection.0.3}{\376\377\000A\000c\000t\000i\000o\000n\000a\000b\000l\000e\000\040\000T\000i\000p\000s}{}% 5
\BOOKMARK [2][-]{subsection.0.4}{\376\377\000W\000h\000a\000t\000\040\000W\000o\000r\000k\000s\000\040\000/\000\040\000W\000h\000a\000t\000\040\000D\000o\000e\000s\000n\040\031\000t\000\040\000\050\000w\000i\000t\000h\000\040\000s\000o\000u\000r\000c\000e\000s\000\051}{}% 6
\BOOKMARK [3][-]{subsubsection.0.4.1}{\376\377\000S\000o\000u\000r\000c\000e\000s}{subsection.0.4}% 7
\BOOKMARK [2][-]{subsection.0.5}{\376\377\000P\000l\000a\000t\000f\000o\000r\000m\000-\000S\000p\000e\000c\000i\000f\000i\000c\000\040\000S\000t\000r\000a\000t\000e\000g\000i\000e\000s}{}% 8
\BOOKMARK [1][-]{section.1}{\376\377\000P\000o\000l\000i\000t\000i\000c\000a\000l\000\040\000C\000o\000m\000m\000e\000n\000t\000a\000r\000y}{}% 9
\BOOKMARK [2][-]{subsection.1.1}{\376\377\000F\000e\000a\000s\000i\000b\000i\000l\000i\000t\000y\000\040\000\046\000\040\000R\000e\000a\000l\000i\000t\000y\000\040\000C\000h\000e\000c\000k}{section.1}% 10
\BOOKMARK [2][-]{subsection.1.2}{\376\377\000S\000c\000o\000r\000e\000\040\000\050\0001\040\023\0001\0000\0000\000\051}{section.1}% 11
\BOOKMARK [2][-]{subsection.1.3}{\376\377\000W\000h\000y\000\040\000G\000o\000o\000d\000\040\000/\000\040\000W\000h\000y\000\040\000B\000a\000d}{section.1}% 12
\BOOKMARK [3][-]{subsubsection.1.3.1}{\376\377\000W\000h\000y\000\040\000G\000o\000o\000d}{subsection.1.3}% 13
\BOOKMARK [3][-]{subsubsection.1.3.2}{\376\377\000W\000h\000y\000\040\000B\000a\000d}{subsection.1.3}% 14
\BOOKMARK [2][-]{subsection.1.4}{\376\377\000A\000c\000t\000i\000o\000n\000a\000b\000l\000e\000\040\000T\000i\000p\000s}{section.1}% 15
\BOOKMARK [2][-]{subsection.1.5}{\376\377\000W\000h\000a\000t\000\040\000W\000o\000r\000k\000s\000\040\000/\000\040\000W\000h\000a\000t\000\040\000D\000o\000e\000s\000n\040\031\000t\000\040\000\050\000w\000i\000t\000h\000\040\000s\000o\000u\000r\000c\000e\000s\000\051}{section.1}% 16
\BOOKMARK [3][-]{subsubsection.1.5.1}{\376\377\000S\000o\000u\000r\000c\000e\000s}{subsection.1.5}% 17
\BOOKMARK [2][-]{subsection.1.6}{\376\377\000P\000l\000a\000t\000f\000o\000r\000m\000-\000S\000p\000e\000c\000i\000f\000i\000c\000\040\000S\000t\000r\000a\000t\000e\000g\000i\000e\000s}{section.1}% 18
\BOOKMARK [1][-]{section.2}{\376\377\000G\000e\000n\000e\000r\000a\000l\000\040\000I\000n\000f\000o\000r\000m\000a\000t\000i\000o\000n\000\040\000D\000i\000s\000p\000l\000a\000y\000s}{}% 19
\BOOKMARK [2][-]{subsection.2.1}{\376\377\000S\000u\000b\000-\000t\000o\000p\000i\000c\000:\000\040\000F\000i\000n\000a\000n\000c\000e}{section.2}% 20
\BOOKMARK [3][-]{subsubsection.2.1.1}{\376\377\000F\000e\000a\000s\000i\000b\000i\000l\000i\000t\000y\000\040\000\046\000\040\000R\000e\000a\000l\000i\000t\000y\000\040\000C\000h\000e\000c\000k}{subsection.2.1}% 21
\BOOKMARK [3][-]{subsubsection.2.1.2}{\376\377\000S\000c\000o\000r\000e\000\040\000\050\0001\040\023\0001\0000\0000\000\051}{subsection.2.1}% 22
\BOOKMARK [3][-]{subsubsection.2.1.3}{\376\377\000W\000h\000y\000\040\000G\000o\000o\000d\000\040\000/\000\040\000W\000h\000y\000\040\000B\000a\000d}{subsection.2.1}% 23
\BOOKMARK [3][-]{subsubsection.2.1.4}{\376\377\000A\000c\000t\000i\000o\000n\000a\000b\000l\000e\000\040\000T\000i\000p\000s}{subsection.2.1}% 24
\BOOKMARK [3][-]{subsubsection.2.1.5}{\376\377\000W\000h\000a\000t\000\040\000W\000o\000r\000k\000s\000\040\000/\000\040\000W\000h\000a\000t\000\040\000D\000o\000e\000s\000n\040\031\000t\000\040\000\050\000w\000i\000t\000h\000\040\000s\000o\000u\000r\000c\000e\000s\000\051}{subsection.2.1}% 25
\BOOKMARK [3][-]{subsubsection.2.1.6}{\376\377\000S\000o\000u\000r\000c\000e\000s}{subsection.2.1}% 26
\BOOKMARK [3][-]{subsubsection.2.1.7}{\376\377\000P\000l\000a\000t\000f\000o\000r\000m\000-\000S\000p\000e\000c\000i\000f\000i\000c\000\040\000S\000t\000r\000a\000t\000e\000g\000i\000e\000s}{subsection.2.1}% 27
\BOOKMARK [2][-]{subsection.2.2}{\376\377\000S\000u\000b\000-\000t\000o\000p\000i\000c\000:\000\040\000A\000I\000\040\000N\000e\000w\000s\000\040\000\046\000\040\000T\000o\000o\000l\000s}{section.2}% 28
\BOOKMARK [3][-]{subsubsection.2.2.1}{\376\377\000F\000e\000a\000s\000i\000b\000i\000l\000i\000t\000y\000\040\000\046\000\040\000R\000e\000a\000l\000i\000t\000y\000\040\000C\000h\000e\000c\000k}{subsection.2.2}% 29
\BOOKMARK [3][-]{subsubsection.2.2.2}{\376\377\000S\000c\000o\000r\000e\000\040\000\050\0001\040\023\0001\0000\0000\000\051}{subsection.2.2}% 30
\BOOKMARK [3][-]{subsubsection.2.2.3}{\376\377\000W\000h\000y\000\040\000G\000o\000o\000d\000\040\000/\000\040\000W\000h\000y\000\040\000B\000a\000d}{subsection.2.2}% 31
\BOOKMARK [3][-]{subsubsection.2.2.4}{\376\377\000A\000c\000t\000i\000o\000n\000a\000b\000l\000e\000\040\000T\000i\000p\000s}{subsection.2.2}% 32
\BOOKMARK [3][-]{subsubsection.2.2.5}{\376\377\000W\000h\000a\000t\000\040\000W\000o\000r\000k\000s\000\040\000/\000\040\000W\000h\000a\000t\000\040\000D\000o\000e\000s\000n\040\031\000t\000\040\000\050\000w\000i\000t\000h\000\040\000s\000o\000u\000r\000c\000e\000s\000\051}{subsection.2.2}% 33
\BOOKMARK [3][-]{subsubsection.2.2.6}{\376\377\000S\000o\000u\000r\000c\000e\000s}{subsection.2.2}% 34
\BOOKMARK [3][-]{subsubsection.2.2.7}{\376\377\000P\000l\000a\000t\000f\000o\000r\000m\000-\000S\000p\000e\000c\000i\000f\000i\000c\000\040\000S\000t\000r\000a\000t\000e\000g\000i\000e\000s}{subsection.2.2}% 35
\BOOKMARK [2][-]{subsection.2.3}{\376\377\000S\000u\000b\000-\000t\000o\000p\000i\000c\000:\000\040\000C\000e\000l\000e\000b\000r\000i\000t\000y\000\040\000N\000e\000w\000s}{section.2}% 36
\BOOKMARK [3][-]{subsubsection.2.3.1}{\376\377\000F\000e\000a\000s\000i\000b\000i\000l\000i\000t\000y\000\040\000\046\000\040\000R\000e\000a\000l\000i\000t\000y\000\040\000C\000h\000e\000c\000k}{subsection.2.3}% 37
\BOOKMARK [3][-]{subsubsection.2.3.2}{\376\377\000S\000c\000o\000r\000e\000\040\000\050\0001\040\023\0001\0000\0000\000\051}{subsection.2.3}% 38
\BOOKMARK [3][-]{subsubsection.2.3.3}{\376\377\000W\000h\000y\000\040\000G\000o\000o\000d\000\040\000/\000\040\000W\000h\000y\000\040\000B\000a\000d}{subsection.2.3}% 39
\BOOKMARK [3][-]{subsubsection.2.3.4}{\376\377\000A\000c\000t\000i\000o\000n\000a\000b\000l\000e\000\040\000T\000i\000p\000s}{subsection.2.3}% 40
\BOOKMARK [3][-]{subsubsection.2.3.5}{\376\377\000W\000h\000a\000t\000\040\000W\000o\000r\000k\000s\000\040\000/\000\040\000W\000h\000a\000t\000\040\000D\000o\000e\000s\000n\040\031\000t\000\040\000\050\000w\000i\000t\000h\000\040\000s\000o\000u\000r\000c\000e\000s\000\051}{subsection.2.3}% 41
\BOOKMARK [3][-]{subsubsection.2.3.6}{\376\377\000S\000o\000u\000r\000c\000e\000s}{subsection.2.3}% 42
\BOOKMARK [3][-]{subsubsection.2.3.7}{\376\377\000P\000l\000a\000t\000f\000o\000r\000m\000-\000S\000p\000e\000c\000i\000f\000i\000c\000\040\000S\000t\000r\000a\000t\000e\000g\000i\000e\000s}{subsection.2.3}% 43
\BOOKMARK [1][-]{section.3}{\376\377\000A\000I\000-\000G\000e\000n\000e\000r\000a\000t\000e\000d\000\040\000M\000o\000d\000e\000l\000\040\000\050\000H\000o\000t\000\040\000P\000i\000c\000s\000\051}{}% 44
\BOOKMARK [2][-]{subsection.3.1}{\376\377\000F\000e\000a\000s\000i\000b\000i\000l\000i\000t\000y\000\040\000\046\000\040\000R\000e\000a\000l\000i\000t\000y\000\040\000C\000h\000e\000c\000k}{section.3}% 45
\BOOKMARK [2][-]{subsection.3.2}{\376\377\000S\000c\000o\000r\000e\000\040\000\050\0001\040\023\0001\0000\0000\000\051}{section.3}% 46
\BOOKMARK [2][-]{subsection.3.3}{\376\377\000W\000h\000y\000\040\000G\000o\000o\000d\000\040\000/\000\040\000W\000h\000y\000\040\000B\000a\000d}{section.3}% 47
\BOOKMARK [3][-]{subsubsection.3.3.1}{\376\377\000W\000h\000y\000\040\000G\000o\000o\000d}{subsection.3.3}% 48
\BOOKMARK [3][-]{subsubsection.3.3.2}{\376\377\000W\000h\000y\000\040\000B\000a\000d}{subsection.3.3}% 49
\BOOKMARK [2][-]{subsection.3.4}{\376\377\000A\000c\000t\000i\000o\000n\000a\000b\000l\000e\000\040\000T\000i\000p\000s}{section.3}% 50
\BOOKMARK [2][-]{subsection.3.5}{\376\377\000W\000h\000a\000t\000\040\000W\000o\000r\000k\000s\000\040\000/\000\040\000W\000h\000a\000t\000\040\000D\000o\000e\000s\000n\040\031\000t\000\040\000\050\000w\000i\000t\000h\000\040\000s\000o\000u\000r\000c\000e\000s\000\051}{section.3}% 51
\BOOKMARK [3][-]{subsubsection.3.5.1}{\376\377\000S\000o\000u\000r\000c\000e\000s}{subsection.3.5}% 52
\BOOKMARK [2][-]{subsection.3.6}{\376\377\000P\000l\000a\000t\000f\000o\000r\000m\000-\000S\000p\000e\000c\000i\000f\000i\000c\000\040\000S\000t\000r\000a\000t\000e\000g\000i\000e\000s}{section.3}% 53
\BOOKMARK [1][-]{section.4}{\376\377\000A\000I\000-\000G\000e\000n\000e\000r\000a\000t\000e\000d\000\040\000M\000o\000d\000e\000l\000\040\000\050\0001\0008\000+\000\040\000C\000o\000n\000t\000e\000n\000t\000\051}{}% 54
\BOOKMARK [2][-]{subsection.4.1}{\376\377\000F\000e\000a\000s\000i\000b\000i\000l\000i\000t\000y\000\040\000\046\000\040\000R\000e\000a\000l\000i\000t\000y\000\040\000C\000h\000e\000c\000k}{section.4}% 55
\BOOKMARK [2][-]{subsection.4.2}{\376\377\000S\000c\000o\000r\000e\000\040\000\050\0001\040\023\0001\0000\0000\000\051}{section.4}% 56
\BOOKMARK [2][-]{subsection.4.3}{\376\377\000W\000h\000y\000\040\000G\000o\000o\000d\000\040\000/\000\040\000W\000h\000y\000\040\000B\000a\000d}{section.4}% 57
\BOOKMARK [3][-]{subsubsection.4.3.1}{\376\377\000W\000h\000y\000\040\000G\000o\000o\000d}{subsection.4.3}% 58
\BOOKMARK [3][-]{subsubsection.4.3.2}{\376\377\000W\000h\000y\000\040\000B\000a\000d}{subsection.4.3}% 59
\BOOKMARK [2][-]{subsection.4.4}{\376\377\000A\000c\000t\000i\000o\000n\000a\000b\000l\000e\000\040\000T\000i\000p\000s}{section.4}% 60
\BOOKMARK [2][-]{subsection.4.5}{\376\377\000W\000h\000a\000t\000\040\000W\000o\000r\000k\000s\000\040\000/\000\040\000W\000h\000a\000t\000\040\000D\000o\000e\000s\000n\040\031\000t\000\040\000\050\000w\000i\000t\000h\000\040\000s\000o\000u\000r\000c\000e\000s\000\051}{section.4}% 61
\BOOKMARK [3][-]{subsubsection.4.5.1}{\376\377\000S\000o\000u\000r\000c\000e\000s}{subsection.4.5}% 62
\BOOKMARK [2][-]{subsection.4.6}{\376\377\000P\000l\000a\000t\000f\000o\000r\000m\000-\000S\000p\000e\000c\000i\000f\000i\000c\000\040\000S\000t\000r\000a\000t\000e\000g\000i\000e\000s}{section.4}% 63
